<?xml version="1.0" encoding="UTF-8"?>
<testsuites name="testkatalon" time="37.4" tests="2" failures="0" errors="0">
   <testsuite name="testkatalon" tests="2" failures="0" errors="0" time="37.4" skipped="0" timestamp="2022-07-28 08:10:08" hostname="Owner - LTSI-03-001TW" id="Test Suites/testkatalon">
      <properties>
         <property name="deviceName" value=""/>
         <property name="devicePlatform" value=""/>
         <property name="logFolder" value="C:\\Users\\Owner\\git\\katalon\\Reports\\20220728_081000\\testkatalon\\20220728_081000"/>
         <property name="logFiles" value="C:\\Users\\Owner\\git\\katalon\\Reports\\20220728_081000\\testkatalon\\20220728_081000\\execution0.log"/>
         <property name="attachments" value=""/>
         <property name="hostName" value="Owner - LTSI-03-001TW"/>
         <property name="os" value="Windows 10 64bit"/>
         <property name="katalonVersion" value="8.4.0.208"/>
         <property name="browser" value="Chrome 103.0.5060.134"/>
         <property name="hostAddress" value="192.104.104.169"/>
         <property name="sessionId" value="19dc31c6894dab212bd1d918ee97ca04"/>
         <property name="seleniumVersion" value="3.141.59"/>
         <property name="proxyInformation" value="ProxyInformation { proxyOption=NO_PROXY, proxyServerType=HTTP, username=, password=********, proxyServerAddress=, proxyServerPort=0, executionList=&quot;&quot;, isApplyToDesiredCapabilities=true }"/>
         <property name="platform" value="Windows 10"/>
      </properties>
      <testcase name="Test Cases/BookAppoinment" time="25.34" classname="Test Cases/BookAppoinment" status="PASSED">
         <system-out><![CDATA[2022-07-28 08:10:09 - [TEST_CASE][PASSED] - Test Cases/BookAppoinment: Test Cases/BookAppoinment

2022-07-28 08:10:10 - [TEST_STEP][PASSED] - openBrowser(""): Browser is opened with url: ''

2022-07-28 08:10:11 - [MESSAGE][INFO] - Starting 'Chrome' driver

2022-07-28 08:10:11 - [MESSAGE][INFO] - Action delay is set to 0 milliseconds

2022-07-28 08:10:15 - [MESSAGE][PASSED] - Browser is opened with url: ''

2022-07-28 08:10:15 - [TEST_STEP][PASSED] - navigateToUrl("https://katalon-demo-cura.herokuapp.com/"): Navigate to 'https://katalon-demo-cura.herokuapp.com/' successfully

2022-07-28 08:10:19 - [MESSAGE][PASSED] - Navigate to 'https://katalon-demo-cura.herokuapp.com/' successfully

2022-07-28 08:10:19 - [TEST_STEP][PASSED] - click(findTestObject("Object Repository/Page_CURA Healthcare Service/a_Make Appointment")): Object: 'Object Repository/Page_CURA Healthcare Service/a_Make Appointment' is clicked on

2022-07-28 08:10:20 - [MESSAGE][PASSED] - Object: 'Object Repository/Page_CURA Healthcare Service/a_Make Appointment' is clicked on

2022-07-28 08:10:20 - [TEST_STEP][PASSED] - setText(findTestObject("Object Repository/Page_CURA Healthcare Service/input_Username_username"), "John Doe"): Text 'John Doe' is set on object 'Object Repository/Page_CURA Healthcare Service/input_Username_username'

2022-07-28 08:10:21 - [MESSAGE][PASSED] - Text 'John Doe' is set on object 'Object Repository/Page_CURA Healthcare Service/input_Username_username'

2022-07-28 08:10:21 - [TEST_STEP][PASSED] - setEncryptedText(findTestObject("Object Repository/Page_CURA Healthcare Service/input_Password_password"), "g3/DOGG74jC3Flrr3yH+3D/yKbOqqUNM"): Text ****** has been set on object 'Object Repository/Page_CURA Healthcare Service/input_Password_password'

2022-07-28 08:10:22 - [MESSAGE][PASSED] - Text ****** has been set on object 'Object Repository/Page_CURA Healthcare Service/input_Password_password'

2022-07-28 08:10:22 - [TEST_STEP][PASSED] - click(findTestObject("Object Repository/Page_CURA Healthcare Service/button_Login")): Object: 'Object Repository/Page_CURA Healthcare Service/button_Login' is clicked on

2022-07-28 08:10:24 - [MESSAGE][PASSED] - Object: 'Object Repository/Page_CURA Healthcare Service/button_Login' is clicked on

2022-07-28 08:10:24 - [TEST_STEP][PASSED] - if (selectOptionByValue(findTestObject("Object Repository/Page_CURA Healthcare Service/select_Tokyo CURA Healthcare Center        _5b4107"), "Hongkong CURA Healthcare Center", true) == true): All options with value 'Hongkong CURA Healthcare Center' are selected in object 'Object Repository/Page_CURA Healthcare Service/select_Tokyo CURA Healthcare Center        _5b4107'  using regular expression

2022-07-28 08:10:25 - [MESSAGE][PASSED] - All options with value 'Hongkong CURA Healthcare Center' are selected in object 'Object Repository/Page_CURA Healthcare Service/select_Tokyo CURA Healthcare Center        _5b4107'  using regular expression

2022-07-28 08:10:25 - [TEST_STEP][PASSED] - else: Object: 'Object Repository/Page_CURA Healthcare Service/input_Apply for hospital readmission_hospit_63901f' is clicked on

2022-07-28 08:10:25 - [TEST_STEP][PASSED] - click(findTestObject("Object Repository/Page_CURA Healthcare Service/input_Apply for hospital readmission_hospit_63901f")): Object: 'Object Repository/Page_CURA Healthcare Service/input_Apply for hospital readmission_hospit_63901f' is clicked on

2022-07-28 08:10:26 - [MESSAGE][PASSED] - Object: 'Object Repository/Page_CURA Healthcare Service/input_Apply for hospital readmission_hospit_63901f' is clicked on

2022-07-28 08:10:26 - [TEST_STEP][PASSED] - click(findTestObject("Object Repository/Page_CURA Healthcare Service/input_Visit Date (Required)_visit_date")): Object: 'Object Repository/Page_CURA Healthcare Service/input_Visit Date (Required)_visit_date' is clicked on

2022-07-28 08:10:26 - [MESSAGE][PASSED] - Object: 'Object Repository/Page_CURA Healthcare Service/input_Visit Date (Required)_visit_date' is clicked on

2022-07-28 08:10:26 - [TEST_STEP][PASSED] - click(findTestObject("Object Repository/Page_CURA Healthcare Service/td_31")): Object: 'Object Repository/Page_CURA Healthcare Service/td_31' is clicked on

2022-07-28 08:10:27 - [MESSAGE][PASSED] - Object: 'Object Repository/Page_CURA Healthcare Service/td_31' is clicked on

2022-07-28 08:10:27 - [TEST_STEP][PASSED] - setText(findTestObject("Object Repository/Page_CURA Healthcare Service/textarea_Comment_comment"), "Cek Kesehatan"): Text 'Cek Kesehatan' is set on object 'Object Repository/Page_CURA Healthcare Service/textarea_Comment_comment'

2022-07-28 08:10:28 - [MESSAGE][PASSED] - Text 'Cek Kesehatan' is set on object 'Object Repository/Page_CURA Healthcare Service/textarea_Comment_comment'

2022-07-28 08:10:28 - [TEST_STEP][PASSED] - click(findTestObject("Object Repository/Page_CURA Healthcare Service/button_Book Appointment")): Object: 'Object Repository/Page_CURA Healthcare Service/button_Book Appointment' is clicked on

2022-07-28 08:10:29 - [MESSAGE][PASSED] - Object: 'Object Repository/Page_CURA Healthcare Service/button_Book Appointment' is clicked on

2022-07-28 08:10:29 - [TEST_STEP][PASSED] - click(findTestObject("Object Repository/Page_CURA Healthcare Service/a_Go to Homepage")): Object: 'Object Repository/Page_CURA Healthcare Service/a_Go to Homepage' is clicked on

2022-07-28 08:10:30 - [MESSAGE][PASSED] - Object: 'Object Repository/Page_CURA Healthcare Service/a_Go to Homepage' is clicked on

2022-07-28 08:10:30 - [TEST_STEP][PASSED] - click(findTestObject("Object Repository/Page_CURA Healthcare Service/i_CURA Healthcare_fa fa-bars")): Object: 'Object Repository/Page_CURA Healthcare Service/i_CURA Healthcare_fa fa-bars' is clicked on

2022-07-28 08:10:30 - [MESSAGE][PASSED] - Object: 'Object Repository/Page_CURA Healthcare Service/i_CURA Healthcare_fa fa-bars' is clicked on

2022-07-28 08:10:30 - [TEST_STEP][PASSED] - click(findTestObject("Object Repository/Page_CURA Healthcare Service/a_History")): Object: 'Object Repository/Page_CURA Healthcare Service/a_History' is clicked on

2022-07-28 08:10:31 - [MESSAGE][PASSED] - Object: 'Object Repository/Page_CURA Healthcare Service/a_History' is clicked on

2022-07-28 08:10:31 - [TEST_STEP][PASSED] - click(findTestObject("Object Repository/Page_CURA Healthcare Service/i_CURA Healthcare_fa fa-bars")): Object: 'Object Repository/Page_CURA Healthcare Service/i_CURA Healthcare_fa fa-bars' is clicked on

2022-07-28 08:10:32 - [MESSAGE][PASSED] - Object: 'Object Repository/Page_CURA Healthcare Service/i_CURA Healthcare_fa fa-bars' is clicked on

2022-07-28 08:10:32 - [TEST_STEP][PASSED] - click(findTestObject("Object Repository/Page_CURA Healthcare Service/a_Logout")): Object: 'Object Repository/Page_CURA Healthcare Service/a_Logout' is clicked on

2022-07-28 08:10:33 - [MESSAGE][PASSED] - Object: 'Object Repository/Page_CURA Healthcare Service/a_Logout' is clicked on

2022-07-28 08:10:33 - [TEST_STEP][PASSED] - closeBrowser(): Browser is closed

2022-07-28 08:10:34 - [MESSAGE][PASSED] - Browser is closed]]></system-out>
         <system-err><![CDATA[]]></system-err>
      </testcase>
      <testcase name="Test Cases/Login" time="11.216" classname="Test Cases/Login" status="PASSED">
         <system-out><![CDATA[2022-07-28 08:10:34 - [TEST_CASE][PASSED] - Test Cases/Login: Test Cases/Login

2022-07-28 08:10:35 - [TEST_STEP][PASSED] - openBrowser(""): Browser is opened with url: ''

2022-07-28 08:10:35 - [MESSAGE][INFO] - Starting 'Chrome' driver

2022-07-28 08:10:35 - [MESSAGE][INFO] - Action delay is set to 0 milliseconds

2022-07-28 08:10:37 - [MESSAGE][PASSED] - Browser is opened with url: ''

2022-07-28 08:10:37 - [TEST_STEP][PASSED] - navigateToUrl("https://katalon-demo-cura.herokuapp.com/"): Navigate to 'https://katalon-demo-cura.herokuapp.com/' successfully

2022-07-28 08:10:40 - [MESSAGE][PASSED] - Navigate to 'https://katalon-demo-cura.herokuapp.com/' successfully

2022-07-28 08:10:40 - [TEST_STEP][PASSED] - click(findTestObject("Page_CuraHomepage/btn_MakeAppointment")): Object: 'Object Repository/Page_CuraHomepage/btn_MakeAppointment' is clicked on

2022-07-28 08:10:41 - [MESSAGE][PASSED] - Object: 'Object Repository/Page_CuraHomepage/btn_MakeAppointment' is clicked on

2022-07-28 08:10:41 - [TEST_STEP][PASSED] - setText(findTestObject("Page_Login/txt_UserName"), "John Doe"): Text 'John Doe' is set on object 'Object Repository/Page_Login/txt_UserName'

2022-07-28 08:10:42 - [MESSAGE][PASSED] - Text 'John Doe' is set on object 'Object Repository/Page_Login/txt_UserName'

2022-07-28 08:10:42 - [TEST_STEP][PASSED] - setText(findTestObject("Page_Login/txt_Password"), "ThisIsNotAPassword"): Text 'ThisIsNotAPassword' is set on object 'Object Repository/Page_Login/txt_Password'

2022-07-28 08:10:43 - [MESSAGE][PASSED] - Text 'ThisIsNotAPassword' is set on object 'Object Repository/Page_Login/txt_Password'

2022-07-28 08:10:43 - [TEST_STEP][PASSED] - click(findTestObject("Page_Login/btn_Login")): Object: 'Object Repository/Page_Login/btn_Login' is clicked on

2022-07-28 08:10:45 - [MESSAGE][PASSED] - Object: 'Object Repository/Page_Login/btn_Login' is clicked on

2022-07-28 08:10:45 - [TEST_STEP][PASSED] - closeBrowser(): Browser is closed

2022-07-28 08:10:46 - [MESSAGE][PASSED] - Browser is closed]]></system-out>
         <system-err><![CDATA[]]></system-err>
      </testcase>
      <system-out><![CDATA[2022-07-28 08:10:08 - [TEST_SUITE][PASSED] - testkatalon: Test Cases/Login]]></system-out>
      <system-err><![CDATA[]]></system-err>
   </testsuite>
</testsuites>
